c:\users\tomas\desktop\kometes\obj\win32\release\vc142.pdb
c:\users\tomas\desktop\kometes\obj\win32\release\spaceship.obj
c:\users\tomas\desktop\kometes\obj\win32\release\menu.obj
c:\users\tomas\desktop\kometes\obj\win32\release\main.obj
c:\users\tomas\desktop\kometes\obj\win32\release\gameloop.obj
c:\users\tomas\desktop\kometes\obj\win32\release\creditsloop.obj
c:\users\tomas\desktop\kometes\obj\win32\release\coreloop.obj
c:\users\tomas\desktop\kometes\obj\win32\release\comets.obj
c:\users\tomas\desktop\kometes\obj\win32\release\exitloop.obj
c:\users\tomas\desktop\kometes\obj\win32\release\powerupsloop.obj
c:\users\administrador\desktop\kometes\bin\win32\release\kometes_portepetittomas.ipdb
c:\users\administrador\desktop\kometes\bin\win32\release\kometes_portepetittomas.iobj
c:\users\tomas\desktop\kometes\bin\win32\release\kometes_portepetittomas.ipdb
c:\users\tomas\desktop\kometes\bin\win32\release\kometes_portepetittomas.iobj
c:\users\tomas\desktop\kometes\bin\win32\release\kometes_portepetittomas.exe
c:\users\tomas\desktop\kometes\obj\win32\release\kometes_portepetittomas.ipdb
c:\users\tomas\desktop\kometes\obj\win32\release\kometes_portepetittomas.iobj
c:\users\tomas\desktop\kometes\bin\win32\release\kometes_portepetittomas.pdb
c:\users\tomas\desktop\kometes\obj\win32\release\kometes_.58f152f2.tlog\cl.command.1.tlog
c:\users\tomas\desktop\kometes\obj\win32\release\kometes_.58f152f2.tlog\cl.read.1.tlog
c:\users\tomas\desktop\kometes\obj\win32\release\kometes_.58f152f2.tlog\cl.write.1.tlog
c:\users\tomas\desktop\kometes\obj\win32\release\kometes_.58f152f2.tlog\kometes_portepetittomas.write.1u.tlog
c:\users\tomas\desktop\kometes\obj\win32\release\kometes_.58f152f2.tlog\link.command.1.tlog
c:\users\tomas\desktop\kometes\obj\win32\release\kometes_.58f152f2.tlog\link.read.1.tlog
c:\users\tomas\desktop\kometes\obj\win32\release\kometes_.58f152f2.tlog\link.write.1.tlog
